<?xml version="1.0" encoding="UTF-8"?>
<testsuite xmlns:xsi="http://www.w3.org/2001/XMLSchema-instance" xsi:noNamespaceSchemaLocation="https://maven.apache.org/surefire/maven-surefire-plugin/xsd/surefire-test-report.xsd" version="3.0.2" name="com.iggy.cucumber.CucumberRunner" time="10.723" tests="5" errors="0" skipped="0" failures="0">
  <properties>
[...]
</properties>
  <testcase name="Successful login with valid credentials" classname="CucumberRunner" time="2.814">
    <system-out><![CDATA[
Scenario: Successful login with valid credentials   &amp#27;[90m# features/login.feature:3&amp#27;[0m
  &amp#27;[32mGiven &amp#27;[0m&amp#27;[32mI am on the SauceDemo login page&amp#27;[0m            &amp#27;[90m# com.iggy.cucumber.steps.LoginSteps.iAmOnTheSauceDemoLoginPage()&amp#27;[0m
  &amp#27;[32mWhen &amp#27;[0m&amp#27;[32mI enter username &amp#27;[0m&amp#27;[32m&amp#27;[1m"standard_user"&amp#27;[0m             &amp#27;[90m# com.iggy.cucumber.steps.LoginSteps.iEnterUsername(java.lang.String)&amp#27;[0m
  &amp#27;[32mAnd &amp#27;[0m&amp#27;[32mI enter password &amp#27;[0m&amp#27;[32m&amp#27;[1m"secret_sauce"&amp#27;[0m               &amp#27;[90m# com.iggy.cucumber.steps.LoginSteps.iEnterPassword(java.lang.String)&amp#27;[0m
  &amp#27;[32mAnd &amp#27;[0m&amp#27;[32mI click the login button&amp#27;[0m                      &amp#27;[90m# com.iggy.cucumber.steps.LoginSteps.iClickTheLoginButton()&amp#27;[0m
  &amp#27;[32mThen &amp#27;[0m&amp#27;[32mI should be redirected to the inventory page&amp#27;[0m &amp#27;[90m# com.iggy.cucumber.steps.LoginSteps.iShouldBeRedirectedToTheInventoryPage()&amp#27;[0m
]]></system-out>
    <system-err><![CDATA[SLF4J(W): No SLF4J providers were found.
SLF4J(W): Defaulting to no-operation (NOP) logger implementation
SLF4J(W): See https://www.slf4j.org/codes.html#noProviders for further details.
Jul 12, 2026 1:07:40 PM org.openqa.selenium.devtools.CdpVersionFinder findNearestMatch
WARNING: Unable to find CDP implementation matching 150
Jul 12, 2026 1:07:40 PM org.openqa.selenium.chromium.ChromiumDriver lambda$new$5
WARNING: Unable to find version of CDP to use for 150.0.7871.49. You may need to include a dependency on a specific version of the CDP using something similar to `org.seleniumhq.selenium:selenium-devtools-v86:4.18.1` where the version ("v86") matches the version of the chromium-based browser you're using and the version number of the artifact is the same as Selenium's.
]]></system-err>
  </testcase>
  <testcase name="Failed login with invalid credentials" classname="CucumberRunner" time="1.764">
    <system-out><![CDATA[
Scenario: Failed login with invalid credentials                &amp#27;[90m# features/login.feature:10&amp#27;[0m
  &amp#27;[32mGiven &amp#27;[0m&amp#27;[32mI am on the SauceDemo login page&amp#27;[0m                       &amp#27;[90m# com.iggy.cucumber.steps.LoginSteps.iAmOnTheSauceDemoLoginPage()&amp#27;[0m
  &amp#27;[32mWhen &amp#27;[0m&amp#27;[32mI enter username &amp#27;[0m&amp#27;[32m&amp#27;[1m"wrong_user"&amp#27;[0m                           &amp#27;[90m# com.iggy.cucumber.steps.LoginSteps.iEnterUsername(java.lang.String)&amp#27;[0m
  &amp#27;[32mAnd &amp#27;[0m&amp#27;[32mI enter password &amp#27;[0m&amp#27;[32m&amp#27;[1m"wrong_pass"&amp#27;[0m                            &amp#27;[90m# com.iggy.cucumber.steps.LoginSteps.iEnterPassword(java.lang.String)&amp#27;[0m
  &amp#27;[32mAnd &amp#27;[0m&amp#27;[32mI click the login button&amp#27;[0m                                 &amp#27;[90m# com.iggy.cucumber.steps.LoginSteps.iClickTheLoginButton()&amp#27;[0m
  &amp#27;[32mThen &amp#27;[0m&amp#27;[32mI should see an error message containing &amp#27;[0m&amp#27;[32m&amp#27;[1m"Epic sadface"&amp#27;[0m &amp#27;[90m# com.iggy.cucumber.steps.LoginSteps.iShouldSeeAnErrorMessageContaining(java.lang.String)&amp#27;[0m
]]></system-out>
    <system-err><![CDATA[Jul 12, 2026 1:07:42 PM org.openqa.selenium.devtools.CdpVersionFinder findNearestMatch
WARNING: Unable to find CDP implementation matching 150
Jul 12, 2026 1:07:42 PM org.openqa.selenium.chromium.ChromiumDriver lambda$new$5
WARNING: Unable to find version of CDP to use for 150.0.7871.49. You may need to include a dependency on a specific version of the CDP using something similar to `org.seleniumhq.selenium:selenium-devtools-v86:4.18.1` where the version ("v86") matches the version of the chromium-based browser you're using and the version number of the artifact is the same as Selenium's.
]]></system-err>
  </testcase>
  <testcase name="Example #1.1" classname="CucumberRunner" time="1.73">
    <system-out><![CDATA[
Scenario Outline: Login with multiple user types &amp#27;[90m# features/login.feature:26&amp#27;[0m
  &amp#27;[32mGiven &amp#27;[0m&amp#27;[32mI am on the SauceDemo login page&amp#27;[0m         &amp#27;[90m# com.iggy.cucumber.steps.LoginSteps.iAmOnTheSauceDemoLoginPage()&amp#27;[0m
  &amp#27;[32mWhen &amp#27;[0m&amp#27;[32mI enter username &amp#27;[0m&amp#27;[32m&amp#27;[1m"standard_user"&amp#27;[0m          &amp#27;[90m# com.iggy.cucumber.steps.LoginSteps.iEnterUsername(java.lang.String)&amp#27;[0m
  &amp#27;[32mAnd &amp#27;[0m&amp#27;[32mI enter password &amp#27;[0m&amp#27;[32m&amp#27;[1m"secret_sauce"&amp#27;[0m            &amp#27;[90m# com.iggy.cucumber.steps.LoginSteps.iEnterPassword(java.lang.String)&amp#27;[0m
  &amp#27;[32mAnd &amp#27;[0m&amp#27;[32mI click the login button&amp#27;[0m                   &amp#27;[90m# com.iggy.cucumber.steps.LoginSteps.iClickTheLoginButton()&amp#27;[0m
  &amp#27;[32mThen &amp#27;[0m&amp#27;[32mI should see &amp#27;[0m&amp#27;[32m&amp#27;[1m"inventory"&amp#27;[0m                  &amp#27;[90m# com.iggy.cucumber.steps.LoginSteps.iShouldSee(java.lang.String)&amp#27;[0m
]]></system-out>
    <system-err><![CDATA[Jul 12, 2026 1:07:43 PM org.openqa.selenium.devtools.CdpVersionFinder findNearestMatch
WARNING: Unable to find CDP implementation matching 150
Jul 12, 2026 1:07:43 PM org.openqa.selenium.chromium.ChromiumDriver lambda$new$5
WARNING: Unable to find version of CDP to use for 150.0.7871.49. You may need to include a dependency on a specific version of the CDP using something similar to `org.seleniumhq.selenium:selenium-devtools-v86:4.18.1` where the version ("v86") matches the version of the chromium-based browser you're using and the version number of the artifact is the same as Selenium's.
]]></system-err>
  </testcase>
  <testcase name="Example #1.2" classname="CucumberRunner" time="1.731">
    <system-out><![CDATA[
Scenario Outline: Login with multiple user types &amp#27;[90m# features/login.feature:27&amp#27;[0m
  &amp#27;[32mGiven &amp#27;[0m&amp#27;[32mI am on the SauceDemo login page&amp#27;[0m         &amp#27;[90m# com.iggy.cucumber.steps.LoginSteps.iAmOnTheSauceDemoLoginPage()&amp#27;[0m
  &amp#27;[32mWhen &amp#27;[0m&amp#27;[32mI enter username &amp#27;[0m&amp#27;[32m&amp#27;[1m"locked_out_user"&amp#27;[0m        &amp#27;[90m# com.iggy.cucumber.steps.LoginSteps.iEnterUsername(java.lang.String)&amp#27;[0m
  &amp#27;[32mAnd &amp#27;[0m&amp#27;[32mI enter password &amp#27;[0m&amp#27;[32m&amp#27;[1m"secret_sauce"&amp#27;[0m            &amp#27;[90m# com.iggy.cucumber.steps.LoginSteps.iEnterPassword(java.lang.String)&amp#27;[0m
  &amp#27;[32mAnd &amp#27;[0m&amp#27;[32mI click the login button&amp#27;[0m                   &amp#27;[90m# com.iggy.cucumber.steps.LoginSteps.iClickTheLoginButton()&amp#27;[0m
  &amp#27;[32mThen &amp#27;[0m&amp#27;[32mI should see &amp#27;[0m&amp#27;[32m&amp#27;[1m"Epic sadface"&amp#27;[0m               &amp#27;[90m# com.iggy.cucumber.steps.LoginSteps.iShouldSee(java.lang.String)&amp#27;[0m
]]></system-out>
    <system-err><![CDATA[Jul 12, 2026 1:07:45 PM org.openqa.selenium.devtools.CdpVersionFinder findNearestMatch
WARNING: Unable to find CDP implementation matching 150
Jul 12, 2026 1:07:45 PM org.openqa.selenium.chromium.ChromiumDriver lambda$new$5
WARNING: Unable to find version of CDP to use for 150.0.7871.49. You may need to include a dependency on a specific version of the CDP using something similar to `org.seleniumhq.selenium:selenium-devtools-v86:4.18.1` where the version ("v86") matches the version of the chromium-based browser you're using and the version number of the artifact is the same as Selenium's.
]]></system-err>
  </testcase>
  <testcase name="Example #1.3" classname="CucumberRunner" time="1.727">
    <system-out><![CDATA[
Scenario Outline: Login with multiple user types &amp#27;[90m# features/login.feature:28&amp#27;[0m
  &amp#27;[32mGiven &amp#27;[0m&amp#27;[32mI am on the SauceDemo login page&amp#27;[0m         &amp#27;[90m# com.iggy.cucumber.steps.LoginSteps.iAmOnTheSauceDemoLoginPage()&amp#27;[0m
  &amp#27;[32mWhen &amp#27;[0m&amp#27;[32mI enter username &amp#27;[0m&amp#27;[32m&amp#27;[1m"wrong_user"&amp#27;[0m             &amp#27;[90m# com.iggy.cucumber.steps.LoginSteps.iEnterUsername(java.lang.String)&amp#27;[0m
  &amp#27;[32mAnd &amp#27;[0m&amp#27;[32mI enter password &amp#27;[0m&amp#27;[32m&amp#27;[1m"wrong_pass"&amp#27;[0m              &amp#27;[90m# com.iggy.cucumber.steps.LoginSteps.iEnterPassword(java.lang.String)&amp#27;[0m
  &amp#27;[32mAnd &amp#27;[0m&amp#27;[32mI click the login button&amp#27;[0m                   &amp#27;[90m# com.iggy.cucumber.steps.LoginSteps.iClickTheLoginButton()&amp#27;[0m
  &amp#27;[32mThen &amp#27;[0m&amp#27;[32mI should see &amp#27;[0m&amp#27;[32m&amp#27;[1m"Epic sadface"&amp#27;[0m               &amp#27;[90m# com.iggy.cucumber.steps.LoginSteps.iShouldSee(java.lang.String)&amp#27;[0m
]]></system-out>
    <system-err><![CDATA[Jul 12, 2026 1:07:47 PM org.openqa.selenium.devtools.CdpVersionFinder findNearestMatch
WARNING: Unable to find CDP implementation matching 150
Jul 12, 2026 1:07:47 PM org.openqa.selenium.chromium.ChromiumDriver lambda$new$5
WARNING: Unable to find version of CDP to use for 150.0.7871.49. You may need to include a dependency on a specific version of the CDP using something similar to `org.seleniumhq.selenium:selenium-devtools-v86:4.18.1` where the version ("v86") matches the version of the chromium-based browser you're using and the version number of the artifact is the same as Selenium's.
]]></system-err>
  </testcase>
</testsuite>